

Microchip Technology PIC18 LITE Macro Assembler V1.41 build -162212810 
                                                                                               Wed Mar 20 18:54:16 2019

Microchip Technology Omniscient Code Generator v1.41 (Free mode) build 201701250102
     1                           	processor	18F8722
     2                           	fnconf	rparam,??,?,0
     3                           	opt	pw 120
     4                           	opt	lm
     5                           	psect	cinit,global,reloc=2,class=CODE,delta=1
     6                           	psect	bssCOMRAM,global,class=COMRAM,space=1,delta=1,noexec
     7                           	psect	cstackCOMRAM,global,class=COMRAM,space=1,delta=1,noexec
     8                           	psect	text0,global,reloc=2,class=CODE,delta=1
     9                           	psect	text1,global,reloc=2,class=CODE,delta=1
    10                           	psect	text2,global,reloc=2,class=CODE,delta=1
    11                           	psect	text3,global,reloc=2,class=CODE,delta=1
    12                           	psect	text4,global,reloc=2,class=CODE,delta=1
    13                           	psect	text5,global,reloc=2,class=CODE,delta=1
    14                           	psect	intsave_regs,global,class=BIGRAM,space=1,delta=1,noexec
    15                           	psect	rparam,global,class=COMRAM,space=1,delta=1,noexec
    16  0000                     
    17                           ; Version 1.41 (B)
    18                           ; Generated 21/02/2017 GMT
    19                           ; 
    20                           ; Copyright © 2017, Microchip Technology Inc. and its subsidiaries ("Microchip")
    21                           ; All rights reserved.
    22                           ; 
    23                           ; This software is developed by Microchip Technology Inc. and its subsidiaries ("Microch
      +                          ip").
    24                           ; 
    25                           ; Redistribution and use in source and binary forms, with or without modification, are
    26                           ; permitted provided that the following conditions are met:
    27                           ; 
    28                           ;     1. Redistributions of source code must retain the above copyright notice, this lis
      +                          t of
    29                           ;        conditions and the following disclaimer.
    30                           ; 
    31                           ;     2. Redistributions in binary form must reproduce the above copyright notice, this 
      +                          list
    32                           ;        of conditions and the following disclaimer in the documentation and/or other
    33                           ;        materials provided with the distribution.
    34                           ; 
    35                           ;     3. Microchip's name may not be used to endorse or promote products derived from th
      +                          is
    36                           ;        software without specific prior written permission.
    37                           ; 
    38                           ; THIS SOFTWARE IS PROVIDED BY MICROCHIP "AS IS" AND ANY EXPRESS OR IMPLIED WARRANTIES,
    39                           ; INCLUDING, BUT NOT LIMITED TO, THE IMPLIED WARRANTIES OF MERCHANTABILITY AND FITNESS F
      +                          OR
    40                           ; PURPOSE ARE DISCLAIMED.  IN NO EVENT SHALL MICROCHIP BE LIABLE FOR ANY DIRECT, INDIREC
      +                          T,
    41                           ; INCIDENTAL, SPECIAL, EXEMPLARY, OR CONSEQUENTIAL DAMAGES (INCLUDING BUT NOT LIMITED TO
    42                           ; PROCUREMENT OF SUBSTITUTE GOODS OR SERVICES; LOSS OF USE, DATA OR PROFITS; OR BUSINESS
    43                           ; INTERRUPTION) HOWSOEVER CAUSED AND ON ANY THEORY OF LIABILITY, WHETHER IN CONTRACT, ST
      +                          RICT
    44                           ; LIABILITY, OR TORT (INCLUDING NEGLIGENCE OR OTHERWISE) ARISING IN ANY WAY OUT OF THE U
      +                          SE OF
    45                           ; THIS SOFTWARE, EVEN IF ADVISED OF THE POSSIBILITY OF SUCH DAMAGE.
    46                           ; 
    47                           ; 
    48                           ; Code-generator required, PIC18F8722 Definitions
    49                           ; 
    50                           ; SFR Addresses
    51  0000                     _LATD	set	3980
    52  0000                     _TRISD	set	3989
    53                           
    54                           ; #config settings
    55  0000                     
    56                           	psect	cinit
    57  01FEC4                     __pcinit:
    58                           	opt stack 0
    59  01FEC4                     start_initialization:
    60                           	opt stack 0
    61  01FEC4                     __initialization:
    62                           	opt stack 0
    63                           
    64                           ; Clear objects allocated to COMRAM (3 bytes)
    65  01FEC4  6A10               	clrf	(__pbssCOMRAM+2)& (0+255),c
    66  01FEC6  6A0F               	clrf	(__pbssCOMRAM+1)& (0+255),c
    67  01FEC8  6A0E               	clrf	__pbssCOMRAM& (0+255),c
    68  01FECA                     end_of_initialization:
    69                           	opt stack 0
    70  01FECA                     __end_of__initialization:
    71                           	opt stack 0
    72  01FECA  0100               	movlb	0
    73  01FECC  EF5D  F0FF         	goto	_main	;jump to C main() function
    74                           
    75                           	psect	bssCOMRAM
    76  00000E                     __pbssCOMRAM:
    77                           	opt stack 0
    78  00000E                     _rightButtonEv:
    79                           	opt stack 0
    80  00000E                     	ds	1
    81  00000F                     _leftButtonEv:
    82                           	opt stack 0
    83  00000F                     	ds	1
    84  000010                     _nrLED:
    85                           	opt stack 0
    86  000010                     	ds	1
    87                           
    88                           	psect	cstackCOMRAM
    89  000001                     __pcstackCOMRAM:
    90                           	opt stack 0
    91  000001                     ??_delay50:
    92  000001                     delays@x:
    93                           	opt stack 0
    94                           
    95                           ; 2 bytes @ 0x0
    96  000001                     	ds	1
    97  000002                     delay50@i:
    98                           	opt stack 0
    99                           
   100                           ; 2 bytes @ 0x1
   101  000002                     	ds	1
   102  000003                     ??_delays:
   103                           
   104                           ; 1 bytes @ 0x2
   105  000003                     	ds	1
   106  000004                     delays@i:
   107                           	opt stack 0
   108                           
   109                           ; 2 bytes @ 0x3
   110  000004                     	ds	2
   111  000006                     ??_sequence3:
   112                           
   113                           ; 1 bytes @ 0x5
   114  000006                     	ds	2
   115  000008                     sequence3@VAR:
   116                           	opt stack 0
   117                           
   118                           ; 2 bytes @ 0x7
   119  000008                     	ds	2
   120  00000A                     sequence3@i:
   121                           	opt stack 0
   122                           
   123                           ; 2 bytes @ 0x9
   124  00000A                     	ds	2
   125  00000C                     sequence3@j:
   126                           	opt stack 0
   127                           
   128                           ; 2 bytes @ 0xB
   129  00000C                     	ds	2
   130  00000E                     
   131                           ; 1 bytes @ 0xD
   132 ;;
   133 ;;Main: autosize = 0, tempsize = 0, incstack = 0, save=0
   134 ;;
   135 ;; *************** function _main *****************
   136 ;; Defined at:
   137 ;;		line 169 in file "DigitalOutputs.c"
   138 ;; Parameters:    Size  Location     Type
   139 ;;		None
   140 ;; Auto vars:     Size  Location     Type
   141 ;;		None
   142 ;; Return value:  Size  Location     Type
   143 ;;                  1    wreg      void 
   144 ;; Registers used:
   145 ;;		wreg, status,2, status,0, cstack
   146 ;; Tracked objects:
   147 ;;		On entry : 0/0
   148 ;;		On exit  : 0/0
   149 ;;		Unchanged: 0/0
   150 ;; Data sizes:     COMRAM   BANK0   BANK1   BANK2   BANK3   BANK4   BANK5   BANK6   BANK7   BANK8   BANK9  BANK10  BANK1
      +1  BANK12  BANK13  BANK14  BANK15
   151 ;;      Params:         0       0       0       0       0       0       0       0       0       0       0       0       
      +0       0       0       0       0
   152 ;;      Locals:         0       0       0       0       0       0       0       0       0       0       0       0       
      +0       0       0       0       0
   153 ;;      Temps:          0       0       0       0       0       0       0       0       0       0       0       0       
      +0       0       0       0       0
   154 ;;      Totals:         0       0       0       0       0       0       0       0       0       0       0       0       
      +0       0       0       0       0
   155 ;;Total ram usage:        0 bytes
   156 ;; Hardware stack levels required when called:    2
   157 ;; This function calls:
   158 ;;		_init
   159 ;;		_sequence3
   160 ;; This function is called by:
   161 ;;		Startup code after reset
   162 ;; This function uses a non-reentrant model
   163 ;;
   164                           
   165                           	psect	text0
   166  01FEBA                     __ptext0:
   167                           	opt stack 0
   168  01FEBA                     _main:
   169                           	opt stack 29
   170                           
   171                           ;DigitalOutputs.c: 171: init();
   172                           
   173                           ;incstack = 0
   174  01FEBA  EC55  F0FF         	call	_init	;wreg free
   175  01FEBE                     l859:
   176                           
   177                           ;DigitalOutputs.c: 174: sequence3();
   178  01FEBE  EC94  F0FF         	call	_sequence3	;wreg free
   179  01FEC2  D7FD               	goto	l859
   180  01FEC4                     __end_of_main:
   181                           	opt stack 0
   182                           
   183 ;; *************** function _sequence3 *****************
   184 ;; Defined at:
   185 ;;		line 119 in file "DigitalOutputs.c"
   186 ;; Parameters:    Size  Location     Type
   187 ;;		None
   188 ;; Auto vars:     Size  Location     Type
   189 ;;  j               2   11[COMRAM] unsigned int 
   190 ;;  i               2    9[COMRAM] unsigned int 
   191 ;;  VAR             2    7[COMRAM] unsigned int 
   192 ;; Return value:  Size  Location     Type
   193 ;;                  1    wreg      void 
   194 ;; Registers used:
   195 ;;		wreg, status,2, status,0, cstack
   196 ;; Tracked objects:
   197 ;;		On entry : 0/0
   198 ;;		On exit  : 0/0
   199 ;;		Unchanged: 0/0
   200 ;; Data sizes:     COMRAM   BANK0   BANK1   BANK2   BANK3   BANK4   BANK5   BANK6   BANK7   BANK8   BANK9  BANK10  BANK1
      +1  BANK12  BANK13  BANK14  BANK15
   201 ;;      Params:         0       0       0       0       0       0       0       0       0       0       0       0       
      +0       0       0       0       0
   202 ;;      Locals:         6       0       0       0       0       0       0       0       0       0       0       0       
      +0       0       0       0       0
   203 ;;      Temps:          2       0       0       0       0       0       0       0       0       0       0       0       
      +0       0       0       0       0
   204 ;;      Totals:         8       0       0       0       0       0       0       0       0       0       0       0       
      +0       0       0       0       0
   205 ;;Total ram usage:        8 bytes
   206 ;; Hardware stack levels used:    1
   207 ;; Hardware stack levels required when called:    1
   208 ;; This function calls:
   209 ;;		_delay50
   210 ;;		_delays
   211 ;; This function is called by:
   212 ;;		_main
   213 ;; This function uses a non-reentrant model
   214 ;;
   215                           
   216                           	psect	text1
   217  01FF28                     __ptext1:
   218                           	opt stack 0
   219  01FF28                     _sequence3:
   220                           	opt stack 29
   221                           
   222                           ;DigitalOutputs.c: 123: uint8 i,j;
   223                           ;DigitalOutputs.c: 125: j = 7;
   224                           
   225                           ;incstack = 0
   226  01FF28  0E00               	movlw	0
   227  01FF2A  6E0D               	movwf	sequence3@j+1,c
   228  01FF2C  0E07               	movlw	7
   229  01FF2E  6E0C               	movwf	sequence3@j,c
   230                           
   231                           ;DigitalOutputs.c: 127: LATD = 0x00;
   232  01FF30  0E00               	movlw	0
   233  01FF32  6E8C               	movwf	3980,c	;volatile
   234                           
   235                           ;DigitalOutputs.c: 128: uint8 VAR = 0x00;
   236  01FF34  0E00               	movlw	0
   237  01FF36  6E09               	movwf	sequence3@VAR+1,c
   238  01FF38  0E00               	movlw	0
   239  01FF3A  6E08               	movwf	sequence3@VAR,c
   240                           
   241                           ;DigitalOutputs.c: 130: for (j = 7; j>=0; j--) {
   242  01FF3C  0E00               	movlw	0
   243  01FF3E  6E0D               	movwf	sequence3@j+1,c
   244  01FF40  0E07               	movlw	7
   245  01FF42  6E0C               	movwf	sequence3@j,c
   246  01FF44                     l791:
   247                           
   248                           ;DigitalOutputs.c: 131: for (i = 0; i< j+1; i++) {
   249  01FF44  0E00               	movlw	0
   250  01FF46  6E0B               	movwf	sequence3@i+1,c
   251  01FF48  0E00               	movlw	0
   252  01FF4A  6E0A               	movwf	sequence3@i,c
   253  01FF4C  D015               	goto	l799
   254  01FF4E                     l793:
   255                           
   256                           ;DigitalOutputs.c: 132: LATD = VAR | 1<<i;
   257  01FF4E  C00A  F006         	movff	sequence3@i,??_sequence3
   258  01FF52  0E01               	movlw	1
   259  01FF54  6E07               	movwf	(??_sequence3+1)& (0+255),c
   260  01FF56  2A06               	incf	??_sequence3,f,c
   261  01FF58  D002               	goto	u174
   262  01FF5A                     u175:
   263  01FF5A  90D8               	bcf	status,0,c
   264  01FF5C  3607               	rlcf	??_sequence3+1,f,c
   265  01FF5E                     u174:
   266  01FF5E  2E06               	decfsz	??_sequence3,f,c
   267  01FF60  D7FC               	goto	u175
   268  01FF62  5007               	movf	??_sequence3+1,w,c
   269  01FF64  1008               	iorwf	sequence3@VAR,w,c
   270  01FF66  6E8C               	movwf	3980,c	;volatile
   271                           
   272                           ;DigitalOutputs.c: 133: delays(15);
   273  01FF68  0E00               	movlw	0
   274  01FF6A  6E02               	movwf	delays@x+1,c
   275  01FF6C  0E0F               	movlw	15
   276  01FF6E  6E01               	movwf	delays@x,c
   277  01FF70  EC7E  F0FF         	call	_delays	;wreg free
   278  01FF74  4A0A               	infsnz	sequence3@i,f,c
   279  01FF76  2A0B               	incf	sequence3@i+1,f,c
   280  01FF78                     l799:
   281  01FF78  0E01               	movlw	1
   282  01FF7A  240C               	addwf	sequence3@j,w,c
   283  01FF7C  6E06               	movwf	??_sequence3& (0+255),c
   284  01FF7E  0E00               	movlw	0
   285  01FF80  200D               	addwfc	sequence3@j+1,w,c
   286  01FF82  6E07               	movwf	(??_sequence3+1)& (0+255),c
   287  01FF84  5006               	movf	??_sequence3,w,c
   288  01FF86  5C0A               	subwf	sequence3@i,w,c
   289  01FF88  5007               	movf	??_sequence3+1,w,c
   290  01FF8A  580B               	subwfb	sequence3@i+1,w,c
   291  01FF8C  A0D8               	btfss	status,0,c
   292  01FF8E  D7DF               	goto	l793
   293                           
   294                           ;DigitalOutputs.c: 135: }
   295                           ;DigitalOutputs.c: 137: LATD |= 1<<j;
   296  01FF90  C00C  F006         	movff	sequence3@j,??_sequence3
   297  01FF94  0E01               	movlw	1
   298  01FF96  6E07               	movwf	(??_sequence3+1)& (0+255),c
   299  01FF98  2A06               	incf	??_sequence3,f,c
   300  01FF9A  D002               	goto	u194
   301  01FF9C                     u195:
   302  01FF9C  90D8               	bcf	status,0,c
   303  01FF9E  3607               	rlcf	??_sequence3+1,f,c
   304  01FFA0                     u194:
   305  01FFA0  2E06               	decfsz	??_sequence3,f,c
   306  01FFA2  D7FC               	goto	u195
   307  01FFA4  5007               	movf	??_sequence3+1,w,c
   308  01FFA6  128C               	iorwf	3980,f,c	;volatile
   309                           
   310                           ;DigitalOutputs.c: 138: VAR = LATD;
   311  01FFA8  CF8C F008          	movff	3980,sequence3@VAR	;volatile
   312  01FFAC  6A09               	clrf	sequence3@VAR+1,c
   313                           
   314                           ;DigitalOutputs.c: 140: if (j <= 0)
   315  01FFAE  500C               	movf	sequence3@j,w,c
   316  01FFB0  100D               	iorwf	sequence3@j+1,w,c
   317  01FFB2  B4D8               	btfsc	status,2,c
   318  01FFB4  D004               	goto	l809
   319                           
   320                           ;DigitalOutputs.c: 141: break;
   321  01FFB6  060C               	decf	sequence3@j,f,c
   322  01FFB8  A0D8               	btfss	status,0,c
   323  01FFBA  060D               	decf	sequence3@j+1,f,c
   324  01FFBC  D7C3               	goto	l791
   325  01FFBE                     l809:
   326                           
   327                           ;DigitalOutputs.c: 142: }
   328                           ;DigitalOutputs.c: 145: delays(20);
   329  01FFBE  0E00               	movlw	0
   330  01FFC0  6E02               	movwf	delays@x+1,c
   331  01FFC2  0E14               	movlw	20
   332  01FFC4  6E01               	movwf	delays@x,c
   333  01FFC6  EC7E  F0FF         	call	_delays	;wreg free
   334                           
   335                           ;DigitalOutputs.c: 146: LATD = 0x00;
   336  01FFCA  0E00               	movlw	0
   337  01FFCC  6E8C               	movwf	3980,c	;volatile
   338                           
   339                           ;DigitalOutputs.c: 148: delays(20);
   340  01FFCE  0E00               	movlw	0
   341  01FFD0  6E02               	movwf	delays@x+1,c
   342  01FFD2  0E14               	movlw	20
   343  01FFD4  6E01               	movwf	delays@x,c
   344  01FFD6  EC7E  F0FF         	call	_delays	;wreg free
   345                           
   346                           ;DigitalOutputs.c: 149: LATD = 0xff;
   347  01FFDA  688C               	setf	3980,c	;volatile
   348                           
   349                           ;DigitalOutputs.c: 151: delays(20);
   350  01FFDC  0E00               	movlw	0
   351  01FFDE  6E02               	movwf	delays@x+1,c
   352  01FFE0  0E14               	movlw	20
   353  01FFE2  6E01               	movwf	delays@x,c
   354  01FFE4  EC7E  F0FF         	call	_delays	;wreg free
   355                           
   356                           ;DigitalOutputs.c: 152: LATD = 0x00;
   357  01FFE8  0E00               	movlw	0
   358  01FFEA  6E8C               	movwf	3980,c	;volatile
   359                           
   360                           ;DigitalOutputs.c: 154: delays(20);
   361  01FFEC  0E00               	movlw	0
   362  01FFEE  6E02               	movwf	delays@x+1,c
   363  01FFF0  0E14               	movlw	20
   364  01FFF2  6E01               	movwf	delays@x,c
   365  01FFF4  EC7E  F0FF         	call	_delays	;wreg free
   366                           
   367                           ;DigitalOutputs.c: 155: LATD = 0xff;
   368  01FFF8  688C               	setf	3980,c	;volatile
   369                           
   370                           ;DigitalOutputs.c: 157: delay50();
   371  01FFFA  EC68  F0FF         	call	_delay50	;wreg free
   372  01FFFE  0012               	return		;funcret
   373  020000                     __end_of_sequence3:
   374                           	opt stack 0
   375                           status	equ	0xFD8
   376                           
   377 ;; *************** function _delays *****************
   378 ;; Defined at:
   379 ;;		line 74 in file "DigitalOutputs.c"
   380 ;; Parameters:    Size  Location     Type
   381 ;;  x               2    0[COMRAM] unsigned int 
   382 ;; Auto vars:     Size  Location     Type
   383 ;;  i               2    3[COMRAM] unsigned int 
   384 ;; Return value:  Size  Location     Type
   385 ;;                  1    wreg      void 
   386 ;; Registers used:
   387 ;;		wreg, status,2, status,0
   388 ;; Tracked objects:
   389 ;;		On entry : 0/0
   390 ;;		On exit  : 0/0
   391 ;;		Unchanged: 0/0
   392 ;; Data sizes:     COMRAM   BANK0   BANK1   BANK2   BANK3   BANK4   BANK5   BANK6   BANK7   BANK8   BANK9  BANK10  BANK1
      +1  BANK12  BANK13  BANK14  BANK15
   393 ;;      Params:         2       0       0       0       0       0       0       0       0       0       0       0       
      +0       0       0       0       0
   394 ;;      Locals:         2       0       0       0       0       0       0       0       0       0       0       0       
      +0       0       0       0       0
   395 ;;      Temps:          1       0       0       0       0       0       0       0       0       0       0       0       
      +0       0       0       0       0
   396 ;;      Totals:         5       0       0       0       0       0       0       0       0       0       0       0       
      +0       0       0       0       0
   397 ;;Total ram usage:        5 bytes
   398 ;; Hardware stack levels used:    1
   399 ;; This function calls:
   400 ;;		Nothing
   401 ;; This function is called by:
   402 ;;		_sequence3
   403 ;;		_sequence2
   404 ;; This function uses a non-reentrant model
   405 ;;
   406                           
   407                           	psect	text2
   408  01FEFC                     __ptext2:
   409                           	opt stack 0
   410  01FEFC                     _delays:
   411                           	opt stack 29
   412                           
   413                           ;DigitalOutputs.c: 75: uint8 i;
   414                           ;DigitalOutputs.c: 76: for (i=0; i<x; i++) {
   415                           
   416                           ;incstack = 0
   417  01FEFC  0E00               	movlw	0
   418  01FEFE  6E05               	movwf	delays@i+1,c
   419  01FF00  0E00               	movlw	0
   420  01FF02  6E04               	movwf	delays@i,c
   421  01FF04  D00A               	goto	l31
   422  01FF06                     l783:
   423                           
   424                           ;DigitalOutputs.c: 77: _delay(50000);
   425  01FF06  0E41               	movlw	65
   426  01FF08  6E03               	movwf	??_delays& (0+255),c
   427  01FF0A  0EEE               	movlw	238
   428  01FF0C                     u267:
   429  01FF0C  2EE8               	decfsz	wreg,f,c
   430  01FF0E  D7FE               	bra	u267
   431  01FF10  2E03               	decfsz	??_delays& (0+255),f,c
   432  01FF12  D7FC               	bra	u267
   433  01FF14  D000               	nop2	
   434  01FF16  4A04               	infsnz	delays@i,f,c
   435  01FF18  2A05               	incf	delays@i+1,f,c
   436  01FF1A                     l31:
   437  01FF1A  5001               	movf	delays@x,w,c
   438  01FF1C  5C04               	subwf	delays@i,w,c
   439  01FF1E  5002               	movf	delays@x+1,w,c
   440  01FF20  5805               	subwfb	delays@i+1,w,c
   441  01FF22  B0D8               	btfsc	status,0,c
   442  01FF24  0012               	return	
   443  01FF26  D7EF               	goto	l783
   444  01FF28                     __end_of_delays:
   445                           	opt stack 0
   446                           wreg	equ	0xFE8
   447                           status	equ	0xFD8
   448                           
   449 ;; *************** function _delay50 *****************
   450 ;; Defined at:
   451 ;;		line 66 in file "DigitalOutputs.c"
   452 ;; Parameters:    Size  Location     Type
   453 ;;		None
   454 ;; Auto vars:     Size  Location     Type
   455 ;;  i               2    1[COMRAM] unsigned int 
   456 ;; Return value:  Size  Location     Type
   457 ;;                  1    wreg      void 
   458 ;; Registers used:
   459 ;;		wreg, status,2, status,0
   460 ;; Tracked objects:
   461 ;;		On entry : 0/0
   462 ;;		On exit  : 0/0
   463 ;;		Unchanged: 0/0
   464 ;; Data sizes:     COMRAM   BANK0   BANK1   BANK2   BANK3   BANK4   BANK5   BANK6   BANK7   BANK8   BANK9  BANK10  BANK1
      +1  BANK12  BANK13  BANK14  BANK15
   465 ;;      Params:         0       0       0       0       0       0       0       0       0       0       0       0       
      +0       0       0       0       0
   466 ;;      Locals:         2       0       0       0       0       0       0       0       0       0       0       0       
      +0       0       0       0       0
   467 ;;      Temps:          1       0       0       0       0       0       0       0       0       0       0       0       
      +0       0       0       0       0
   468 ;;      Totals:         3       0       0       0       0       0       0       0       0       0       0       0       
      +0       0       0       0       0
   469 ;;Total ram usage:        3 bytes
   470 ;; Hardware stack levels used:    1
   471 ;; This function calls:
   472 ;;		Nothing
   473 ;; This function is called by:
   474 ;;		_sequence3
   475 ;;		_sequence1
   476 ;; This function uses a non-reentrant model
   477 ;;
   478                           
   479                           	psect	text3
   480  01FED0                     __ptext3:
   481                           	opt stack 0
   482  01FED0                     _delay50:
   483                           	opt stack 29
   484                           
   485                           ;DigitalOutputs.c: 67: uint8 i;
   486                           ;DigitalOutputs.c: 68: for (i=0; i<50; i++) {
   487                           
   488                           ;incstack = 0
   489  01FED0  0E00               	movlw	0
   490  01FED2  6E03               	movwf	delay50@i+1,c
   491  01FED4  0E00               	movlw	0
   492  01FED6  6E02               	movwf	delay50@i,c
   493  01FED8                     l677:
   494  01FED8  5003               	movf	delay50@i+1,w,c
   495  01FEDA  E10F               	bnz	l28
   496  01FEDC  0E32               	movlw	50
   497  01FEDE  5C02               	subwf	delay50@i,w,c
   498  01FEE0  B0D8               	btfsc	status,0,c
   499  01FEE2  0012               	return	
   500                           
   501                           ;DigitalOutputs.c: 69: _delay(50000);
   502  01FEE4  0E41               	movlw	65
   503  01FEE6  6E01               	movwf	??_delay50& (0+255),c
   504  01FEE8  0EEE               	movlw	238
   505  01FEEA                     u277:
   506  01FEEA  2EE8               	decfsz	wreg,f,c
   507  01FEEC  D7FE               	bra	u277
   508  01FEEE  2E01               	decfsz	??_delay50& (0+255),f,c
   509  01FEF0  D7FC               	bra	u277
   510  01FEF2  D000               	nop2	
   511  01FEF4  4A02               	infsnz	delay50@i,f,c
   512  01FEF6  2A03               	incf	delay50@i+1,f,c
   513  01FEF8  D7EF               	goto	l677
   514  01FEFA                     l28:
   515  01FEFA  0012               	return		;funcret
   516  01FEFC                     __end_of_delay50:
   517                           	opt stack 0
   518                           wreg	equ	0xFE8
   519                           status	equ	0xFD8
   520                           
   521 ;; *************** function _init *****************
   522 ;; Defined at:
   523 ;;		line 44 in file "DigitalOutputs.c"
   524 ;; Parameters:    Size  Location     Type
   525 ;;		None
   526 ;; Auto vars:     Size  Location     Type
   527 ;;		None
   528 ;; Return value:  Size  Location     Type
   529 ;;                  1    wreg      void 
   530 ;; Registers used:
   531 ;;		wreg, status,2, cstack
   532 ;; Tracked objects:
   533 ;;		On entry : 0/0
   534 ;;		On exit  : 0/0
   535 ;;		Unchanged: 0/0
   536 ;; Data sizes:     COMRAM   BANK0   BANK1   BANK2   BANK3   BANK4   BANK5   BANK6   BANK7   BANK8   BANK9  BANK10  BANK1
      +1  BANK12  BANK13  BANK14  BANK15
   537 ;;      Params:         0       0       0       0       0       0       0       0       0       0       0       0       
      +0       0       0       0       0
   538 ;;      Locals:         0       0       0       0       0       0       0       0       0       0       0       0       
      +0       0       0       0       0
   539 ;;      Temps:          0       0       0       0       0       0       0       0       0       0       0       0       
      +0       0       0       0       0
   540 ;;      Totals:         0       0       0       0       0       0       0       0       0       0       0       0       
      +0       0       0       0       0
   541 ;;Total ram usage:        0 bytes
   542 ;; Hardware stack levels used:    1
   543 ;; Hardware stack levels required when called:    1
   544 ;; This function calls:
   545 ;;		_initLEDs
   546 ;; This function is called by:
   547 ;;		_main
   548 ;; This function uses a non-reentrant model
   549 ;;
   550                           
   551                           	psect	text4
   552  01FEAA                     __ptext4:
   553                           	opt stack 0
   554  01FEAA                     _init:
   555                           	opt stack 29
   556                           
   557                           ;DigitalOutputs.c: 47: initLEDs();
   558                           
   559                           ;incstack = 0
   560  01FEAA  EC58  F0FF         	call	_initLEDs	;wreg free
   561  01FEAE  0012               	return		;funcret
   562  01FEB0                     __end_of_init:
   563                           	opt stack 0
   564                           wreg	equ	0xFE8
   565                           status	equ	0xFD8
   566                           
   567 ;; *************** function _initLEDs *****************
   568 ;; Defined at:
   569 ;;		line 31 in file "DigitalOutputs.c"
   570 ;; Parameters:    Size  Location     Type
   571 ;;		None
   572 ;; Auto vars:     Size  Location     Type
   573 ;;		None
   574 ;; Return value:  Size  Location     Type
   575 ;;                  1    wreg      void 
   576 ;; Registers used:
   577 ;;		wreg, status,2
   578 ;; Tracked objects:
   579 ;;		On entry : 0/0
   580 ;;		On exit  : 0/0
   581 ;;		Unchanged: 0/0
   582 ;; Data sizes:     COMRAM   BANK0   BANK1   BANK2   BANK3   BANK4   BANK5   BANK6   BANK7   BANK8   BANK9  BANK10  BANK1
      +1  BANK12  BANK13  BANK14  BANK15
   583 ;;      Params:         0       0       0       0       0       0       0       0       0       0       0       0       
      +0       0       0       0       0
   584 ;;      Locals:         0       0       0       0       0       0       0       0       0       0       0       0       
      +0       0       0       0       0
   585 ;;      Temps:          0       0       0       0       0       0       0       0       0       0       0       0       
      +0       0       0       0       0
   586 ;;      Totals:         0       0       0       0       0       0       0       0       0       0       0       0       
      +0       0       0       0       0
   587 ;;Total ram usage:        0 bytes
   588 ;; Hardware stack levels used:    1
   589 ;; This function calls:
   590 ;;		Nothing
   591 ;; This function is called by:
   592 ;;		_init
   593 ;; This function uses a non-reentrant model
   594 ;;
   595                           
   596                           	psect	text5
   597  01FEB0                     __ptext5:
   598                           	opt stack 0
   599  01FEB0                     _initLEDs:
   600                           	opt stack 29
   601                           
   602                           ;DigitalOutputs.c: 34: TRISD = 0x0;
   603                           
   604                           ;incstack = 0
   605  01FEB0  0E00               	movlw	0
   606  01FEB2  6E95               	movwf	3989,c	;volatile
   607                           
   608                           ;DigitalOutputs.c: 36: LATD = 0x0;
   609  01FEB4  0E00               	movlw	0
   610  01FEB6  6E8C               	movwf	3980,c	;volatile
   611  01FEB8  0012               	return		;funcret
   612  01FEBA                     __end_of_initLEDs:
   613                           	opt stack 0
   614  0000                     wreg	equ	0xFE8
   615                           status	equ	0xFD8
   616                           wreg	equ	0xFE8
   617                           status	equ	0xFD8
   618                           
   619                           	psect	rparam
   620  0000                     wreg	equ	0xFE8
   621                           status	equ	0xFD8


Data Sizes:
    Strings     0
    Constant    0
    Data        0
    BSS         3
    Persistent  0
    Stack       0

Auto Spaces:
    Space          Size  Autos    Used
    COMRAM           95     13      16
    BANK0           160      0       0
    BANK1           256      0       0
    BANK2           256      0       0
    BANK3           256      0       0
    BANK4           256      0       0
    BANK5           256      0       0
    BANK6           256      0       0
    BANK7           256      0       0
    BANK8           256      0       0
    BANK9           256      0       0
    BANK10          256      0       0
    BANK11          256      0       0
    BANK12          256      0       0
    BANK13          256      0       0
    BANK14          256      0       0
    BANK15           96      0       0

Pointer List with Targets:

    None.

Critical Paths under _main in COMRAM

    _main->_sequence3
    _sequence3->_delays

Critical Paths under _main in BANK0

    None.

Critical Paths under _main in BANK1

    None.

Critical Paths under _main in BANK2

    None.

Critical Paths under _main in BANK3

    None.

Critical Paths under _main in BANK4

    None.

Critical Paths under _main in BANK5

    None.

Critical Paths under _main in BANK6

    None.

Critical Paths under _main in BANK7

    None.

Critical Paths under _main in BANK8

    None.

Critical Paths under _main in BANK9

    None.

Critical Paths under _main in BANK10

    None.

Critical Paths under _main in BANK11

    None.

Critical Paths under _main in BANK12

    None.

Critical Paths under _main in BANK13

    None.

Critical Paths under _main in BANK14

    None.

Critical Paths under _main in BANK15

    None.

Call Graph Tables:

 ---------------------------------------------------------------------------------
 (Depth) Function   	        Calls       Base Space   Used Autos Params    Refs
 ---------------------------------------------------------------------------------
 (0) _main                                                 0     0      0     727
                               _init
                          _sequence3
 ---------------------------------------------------------------------------------
 (1) _sequence3                                            8     8      0     727
                                              5 COMRAM     8     8      0
                            _delay50
                             _delays
 ---------------------------------------------------------------------------------
 (2) _delays                                               5     3      2     558
                                              0 COMRAM     5     3      2
 ---------------------------------------------------------------------------------
 (2) _delay50                                              3     3      0      30
                                              0 COMRAM     3     3      0
 ---------------------------------------------------------------------------------
 (1) _init                                                 0     0      0       0
                           _initLEDs
 ---------------------------------------------------------------------------------
 (2) _initLEDs                                             0     0      0       0
 ---------------------------------------------------------------------------------
 Estimated maximum stack depth 2
 ---------------------------------------------------------------------------------

 Call Graph Graphs:

 _main (ROOT)
   _init
     _initLEDs
   _sequence3
     _delay50
     _delays

 Address spaces:
Name               Size   Autos  Total    Cost      Usage
BIGRAM             F5F      0       0      37        0.0%
EEDATA             400      0       0       0        0.0%
BITBANK14          100      0       0      33        0.0%
BANK14             100      0       0      34        0.0%
BITBANK13          100      0       0      30        0.0%
BANK13             100      0       0      31        0.0%
BITBANK12          100      0       0      28        0.0%
BANK12             100      0       0      29        0.0%
BITBANK11          100      0       0      26        0.0%
BANK11             100      0       0      27        0.0%
BITBANK10          100      0       0      24        0.0%
BANK10             100      0       0      25        0.0%
BITBANK9           100      0       0      22        0.0%
BANK9              100      0       0      23        0.0%
BITBANK8           100      0       0      20        0.0%
BANK8              100      0       0      21        0.0%
BITBANK7           100      0       0      18        0.0%
BANK7              100      0       0      19        0.0%
BITBANK6           100      0       0      16        0.0%
BANK6              100      0       0      17        0.0%
BITBANK5           100      0       0      14        0.0%
BANK5              100      0       0      15        0.0%
BITBANK4           100      0       0      12        0.0%
BANK4              100      0       0      13        0.0%
BITBANK3           100      0       0      10        0.0%
BANK3              100      0       0      11        0.0%
BITBANK2           100      0       0       8        0.0%
BANK2              100      0       0       9        0.0%
BITBANK1           100      0       0       6        0.0%
BANK1              100      0       0       7        0.0%
BITBANK0            A0      0       0       4        0.0%
BANK0               A0      0       0       5        0.0%
BITBANK15           60      0       0      35        0.0%
BANK15              60      0       0      36        0.0%
BITCOMRAM           5F      0       0       0        0.0%
COMRAM              5F      D      10       1       16.8%
BITSFR               0      0       0     200        0.0%
SFR                  0      0       0     200        0.0%
STACK                0      0       0       2        0.0%
NULL                 0      0       0       0        0.0%
ABS                  0      0      10      32        0.0%
DATA                 0      0      10       3        0.0%
CODE                 0      0       0       0        0.0%


Microchip Technology PIC18 Macro Assembler V1.41 build -162212810 
Symbol Table                                                                                   Wed Mar 20 18:54:16 2019

                     l31 FF1A                       l28 FEFA              __CFG_OSC$HS 000000  
                    l809 FFBE                      l677 FED8                      l783 FF06  
                    l791 FF44                      l793 FF4E                      l859 FEBE  
                    l799 FF78                      u174 FF5E                      u175 FF5A  
                    u194 FFA0                      u267 FF0C                      u195 FF9C  
                    u277 FEEA                      wreg 000FE8             __CFG_WDT$OFF 000000  
                   _LATD 000F8C                     _main FEBA                     _init FEAA  
                   start 0000             ___param_bank 000000                    ?_main 0001  
                  ?_init 0001                    _TRISD 000F95          __end_of_delay50 FEFC  
         __CFG_FCMEN$OFF 000000                    _nrLED 0010                    status 000FD8  
        __initialization FEC4             __end_of_main FEC4             __end_of_init FEB0  
                 ??_main 000E                   ??_init 0001            __activetblptr 000000  
       __end_of_initLEDs FEBA                   _delays FEFC                ??_delay50 0001  
             __accesstop 0060  __end_of__initialization FECA            ___rparam_used 000001  
         __pcstackCOMRAM 0001                  ?_delays 0001       __size_of_sequence3 00D8  
              ?_initLEDs 0001                  __Hparam 0000                  __Lparam 0000  
        __size_of_delays 002C                  _delay50 FED0                  __pcinit FEC4  
                __ramtop 1000                  __ptext0 FEBA                  __ptext1 FF28  
                __ptext2 FEFC                  __ptext3 FED0                  __ptext4 FEAA  
                __ptext5 FEB0                  delays@i 0004                  delays@x 0001  
   end_of_initialization FECA               ??_initLEDs 0001        __end_of_sequence3 0000  
           _leftButtonEv 000F           __end_of_delays FF28      start_initialization FEC4  
               ??_delays 0003              __pbssCOMRAM 000E            _rightButtonEv 000E  
      __size_of_initLEDs 000A                 ?_delay50 0001                _sequence3 FF28  
             sequence3@i 000A               sequence3@j 000C                 __Hrparam 0000  
               __Lrparam 0000               ?_sequence3 0001         __size_of_delay50 002C  
               _initLEDs FEB0                 delay50@i 0002            __size_of_main 000A  
          __size_of_init 0006              ??_sequence3 0006             sequence3@VAR 0008  
