

Microchip Technology PIC18 LITE Macro Assembler V1.41 build -162212810 
                                                                                               Thu Apr 19 19:44:50 2018

Microchip Technology Omniscient Code Generator v1.41 (Free mode) build 201701250102
     1                           	processor	18F8722
     2                           	fnconf	rparam,??,?,0
     3                           	opt	pw 120
     4                           	opt	lm
     5                           	psect	cinit,global,reloc=2,class=CODE,delta=1
     6                           	psect	bssCOMRAM,global,class=COMRAM,space=1,delta=1,noexec
     7                           	psect	cstackCOMRAM,global,class=COMRAM,space=1,delta=1,noexec
     8                           	psect	text0,global,reloc=2,class=CODE,delta=1
     9                           	psect	text1,global,reloc=2,class=CODE,delta=1
    10                           	psect	text2,global,reloc=2,class=CODE,delta=1
    11                           	psect	intsave_regs,global,class=BIGRAM,space=1,delta=1,noexec
    12                           	psect	rparam,global,class=COMRAM,space=1,delta=1,noexec
    13  0000                     
    14                           ; Version 1.41 (B)
    15                           ; Generated 21/02/2017 GMT
    16                           ; 
    17                           ; Copyright © 2017, Microchip Technology Inc. and its subsidiaries ("Microchip")
    18                           ; All rights reserved.
    19                           ; 
    20                           ; This software is developed by Microchip Technology Inc. and its subsidiaries ("Microch
      +                          ip").
    21                           ; 
    22                           ; Redistribution and use in source and binary forms, with or without modification, are
    23                           ; permitted provided that the following conditions are met:
    24                           ; 
    25                           ;     1. Redistributions of source code must retain the above copyright notice, this lis
      +                          t of
    26                           ;        conditions and the following disclaimer.
    27                           ; 
    28                           ;     2. Redistributions in binary form must reproduce the above copyright notice, this 
      +                          list
    29                           ;        of conditions and the following disclaimer in the documentation and/or other
    30                           ;        materials provided with the distribution.
    31                           ; 
    32                           ;     3. Microchip's name may not be used to endorse or promote products derived from th
      +                          is
    33                           ;        software without specific prior written permission.
    34                           ; 
    35                           ; THIS SOFTWARE IS PROVIDED BY MICROCHIP "AS IS" AND ANY EXPRESS OR IMPLIED WARRANTIES,
    36                           ; INCLUDING, BUT NOT LIMITED TO, THE IMPLIED WARRANTIES OF MERCHANTABILITY AND FITNESS F
      +                          OR
    37                           ; PURPOSE ARE DISCLAIMED.  IN NO EVENT SHALL MICROCHIP BE LIABLE FOR ANY DIRECT, INDIREC
      +                          T,
    38                           ; INCIDENTAL, SPECIAL, EXEMPLARY, OR CONSEQUENTIAL DAMAGES (INCLUDING BUT NOT LIMITED TO
    39                           ; PROCUREMENT OF SUBSTITUTE GOODS OR SERVICES; LOSS OF USE, DATA OR PROFITS; OR BUSINESS
    40                           ; INTERRUPTION) HOWSOEVER CAUSED AND ON ANY THEORY OF LIABILITY, WHETHER IN CONTRACT, ST
      +                          RICT
    41                           ; LIABILITY, OR TORT (INCLUDING NEGLIGENCE OR OTHERWISE) ARISING IN ANY WAY OUT OF THE U
      +                          SE OF
    42                           ; THIS SOFTWARE, EVEN IF ADVISED OF THE POSSIBILITY OF SUCH DAMAGE.
    43                           ; 
    44                           ; 
    45                           ; Code-generator required, PIC18F8722 Definitions
    46                           ; 
    47                           ; SFR Addresses
    48  0000                     _LATD	set	3980
    49  0000                     _TRISD	set	3989
    50                           
    51                           ; #config settings
    52  0000                     
    53                           	psect	cinit
    54  01FF90                     __pcinit:
    55                           	opt stack 0
    56  01FF90                     start_initialization:
    57                           	opt stack 0
    58  01FF90                     __initialization:
    59                           	opt stack 0
    60                           
    61                           ; Clear objects allocated to COMRAM (3 bytes)
    62  01FF90  6A03               	clrf	(__pbssCOMRAM+2)& (0+255),c
    63  01FF92  6A02               	clrf	(__pbssCOMRAM+1)& (0+255),c
    64  01FF94  6A01               	clrf	__pbssCOMRAM& (0+255),c
    65  01FF96                     end_of_initialization:
    66                           	opt stack 0
    67  01FF96                     __end_of__initialization:
    68                           	opt stack 0
    69  01FF96  0100               	movlb	0
    70  01FF98  EFCE  F0FF         	goto	_main	;jump to C main() function
    71                           
    72                           	psect	bssCOMRAM
    73  000001                     __pbssCOMRAM:
    74                           	opt stack 0
    75  000001                     _rightButtonEv:
    76                           	opt stack 0
    77  000001                     	ds	1
    78  000002                     _leftButtonEv:
    79                           	opt stack 0
    80  000002                     	ds	1
    81  000003                     _nrLED:
    82                           	opt stack 0
    83  000003                     	ds	1
    84                           
    85                           	psect	cstackCOMRAM
    86  000004                     __pcstackCOMRAM:
    87                           	opt stack 0
    88  000004                     ??_main:
    89                           
    90                           ; 1 bytes @ 0x0
    91  000004                     	ds	1
    92  000005                     main@i:
    93                           	opt stack 0
    94                           
    95                           ; 2 bytes @ 0x1
    96  000005                     	ds	2
    97                           
    98 ;;
    99 ;;Main: autosize = 0, tempsize = 1, incstack = 0, save=0
   100 ;;
   101 ;; *************** function _main *****************
   102 ;; Defined at:
   103 ;;		line 95 in file "DigitalOutputs.c"
   104 ;; Parameters:    Size  Location     Type
   105 ;;		None
   106 ;; Auto vars:     Size  Location     Type
   107 ;;  i               2    1[COMRAM] unsigned int 
   108 ;; Return value:  Size  Location     Type
   109 ;;                  1    wreg      void 
   110 ;; Registers used:
   111 ;;		wreg, status,2, status,0, cstack
   112 ;; Tracked objects:
   113 ;;		On entry : 0/0
   114 ;;		On exit  : 0/0
   115 ;;		Unchanged: 0/0
   116 ;; Data sizes:     COMRAM   BANK0   BANK1   BANK2   BANK3   BANK4   BANK5   BANK6   BANK7   BANK8   BANK9  BANK10  BANK1
      +1  BANK12  BANK13  BANK14  BANK15
   117 ;;      Params:         0       0       0       0       0       0       0       0       0       0       0       0       
      +0       0       0       0       0
   118 ;;      Locals:         2       0       0       0       0       0       0       0       0       0       0       0       
      +0       0       0       0       0
   119 ;;      Temps:          1       0       0       0       0       0       0       0       0       0       0       0       
      +0       0       0       0       0
   120 ;;      Totals:         3       0       0       0       0       0       0       0       0       0       0       0       
      +0       0       0       0       0
   121 ;;Total ram usage:        3 bytes
   122 ;; Hardware stack levels required when called:    2
   123 ;; This function calls:
   124 ;;		_init
   125 ;; This function is called by:
   126 ;;		Startup code after reset
   127 ;; This function uses a non-reentrant model
   128 ;;
   129                           
   130                           	psect	text0
   131  01FF9C                     __ptext0:
   132                           	opt stack 0
   133  01FF9C                     _main:
   134                           	opt stack 29
   135                           
   136                           ;DigitalOutputs.c: 97: uint8 i;
   137                           ;DigitalOutputs.c: 98: init();
   138                           
   139                           ;incstack = 0
   140  01FF9C  ECC0  F0FF         	call	_init	;wreg free
   141  01FFA0                     l652:
   142                           
   143                           ;DigitalOutputs.c: 101: {
   144                           ;DigitalOutputs.c: 102: for (i=0; i<50; i++)
   145  01FFA0  0E00               	movlw	0
   146  01FFA2  6E06               	movwf	main@i+1,c
   147  01FFA4  0E00               	movlw	0
   148  01FFA6  6E05               	movwf	main@i,c
   149  01FFA8  5006               	movf	main@i+1,w,c
   150  01FFAA  E111               	bnz	l37
   151  01FFAC  0E32               	movlw	50
   152  01FFAE  5C05               	subwf	main@i,w,c
   153  01FFB0  B0D8               	btfsc	status,0,c
   154  01FFB2  D00D               	goto	l37
   155                           
   156                           ;DigitalOutputs.c: 103: {
   157                           ;DigitalOutputs.c: 104: _delay(50000);
   158  01FFB4  0E41               	movlw	65
   159  01FFB6  6E04               	movwf	??_main& (0+255),c
   160  01FFB8  0EEE               	movlw	238
   161  01FFBA                     u87:
   162  01FFBA  2EE8               	decfsz	wreg,f,c
   163  01FFBC  D7FE               	bra	u87
   164  01FFBE  2E04               	decfsz	??_main& (0+255),f,c
   165  01FFC0  D7FC               	bra	u87
   166  01FFC2  D000               	nop2	
   167  01FFC4  4A05               	infsnz	main@i,f,c
   168  01FFC6  2A06               	incf	main@i+1,f,c
   169  01FFC8  5006               	movf	main@i+1,w,c
   170  01FFCA  E101               	bnz	u50
   171  01FFCC  D7EF               	goto	L1
   172  01FFCE                     u50:
   173  01FFCE                     l37:
   174                           
   175                           ;DigitalOutputs.c: 105: }
   176                           ;DigitalOutputs.c: 106: LATD = 0b11111111;
   177  01FFCE  688C               	setf	3980,c	;volatile
   178                           
   179                           ;DigitalOutputs.c: 108: for (i=0; i<50; i++)
   180  01FFD0  0E00               	movlw	0
   181  01FFD2  6E06               	movwf	main@i+1,c
   182  01FFD4  0E00               	movlw	0
   183  01FFD6  6E05               	movwf	main@i,c
   184  01FFD8                     l664:
   185  01FFD8  5006               	movf	main@i+1,w,c
   186  01FFDA  E10F               	bnz	l672
   187  01FFDC  0E32               	movlw	50
   188  01FFDE  5C05               	subwf	main@i,w,c
   189  01FFE0  B0D8               	btfsc	status,0,c
   190  01FFE2  D00B               	goto	l672
   191                           
   192                           ;DigitalOutputs.c: 109: {
   193                           ;DigitalOutputs.c: 110: _delay(50000);
   194  01FFE4  0E41               	movlw	65
   195  01FFE6  6E04               	movwf	??_main& (0+255),c
   196  01FFE8  0EEE               	movlw	238
   197  01FFEA                     u97:
   198  01FFEA  2EE8               	decfsz	wreg,f,c
   199  01FFEC  D7FE               	bra	u97
   200  01FFEE  2E04               	decfsz	??_main& (0+255),f,c
   201  01FFF0  D7FC               	bra	u97
   202  01FFF2  D000               	nop2	
   203  01FFF4  4A05               	infsnz	main@i,f,c
   204  01FFF6  2A06               	incf	main@i+1,f,c
   205  01FFF8  D7EF               	goto	l664
   206  01FFFA                     l672:
   207                           
   208                           ;DigitalOutputs.c: 111: }
   209                           ;DigitalOutputs.c: 112: LATD = 0b00000000;
   210  01FFFA  0E00               	movlw	0
   211  01FFFC  6E8C               	movwf	3980,c	;volatile
   212  01FFFE  D7D0               	goto	l652
   213  020000                     __end_of_main:
   214                           	opt stack 0
   215                           wreg	equ	0xFE8
   216                           status	equ	0xFD8
   217                           
   218 ;; *************** function _init *****************
   219 ;; Defined at:
   220 ;;		line 44 in file "DigitalOutputs.c"
   221 ;; Parameters:    Size  Location     Type
   222 ;;		None
   223 ;; Auto vars:     Size  Location     Type
   224 ;;		None
   225 ;; Return value:  Size  Location     Type
   226 ;;                  1    wreg      void 
   227 ;; Registers used:
   228 ;;		wreg, status,2, cstack
   229 ;; Tracked objects:
   230 ;;		On entry : 0/0
   231 ;;		On exit  : 0/0
   232 ;;		Unchanged: 0/0
   233 ;; Data sizes:     COMRAM   BANK0   BANK1   BANK2   BANK3   BANK4   BANK5   BANK6   BANK7   BANK8   BANK9  BANK10  BANK1
      +1  BANK12  BANK13  BANK14  BANK15
   234 ;;      Params:         0       0       0       0       0       0       0       0       0       0       0       0       
      +0       0       0       0       0
   235 ;;      Locals:         0       0       0       0       0       0       0       0       0       0       0       0       
      +0       0       0       0       0
   236 ;;      Temps:          0       0       0       0       0       0       0       0       0       0       0       0       
      +0       0       0       0       0
   237 ;;      Totals:         0       0       0       0       0       0       0       0       0       0       0       0       
      +0       0       0       0       0
   238 ;;Total ram usage:        0 bytes
   239 ;; Hardware stack levels used:    1
   240 ;; Hardware stack levels required when called:    1
   241 ;; This function calls:
   242 ;;		_initLEDs
   243 ;; This function is called by:
   244 ;;		_main
   245 ;; This function uses a non-reentrant model
   246 ;;
   247                           
   248                           	psect	text1
   249  01FF80                     __ptext1:
   250                           	opt stack 0
   251  01FF80                     _init:
   252                           	opt stack 29
   253                           
   254                           ;DigitalOutputs.c: 47: initLEDs();
   255                           
   256                           ;incstack = 0
   257  01FF80  ECC3  F0FF         	call	_initLEDs	;wreg free
   258  01FF84  0012               	return		;funcret
   259  01FF86                     __end_of_init:
   260                           	opt stack 0
   261                           wreg	equ	0xFE8
   262                           status	equ	0xFD8
   263                           
   264 ;; *************** function _initLEDs *****************
   265 ;; Defined at:
   266 ;;		line 31 in file "DigitalOutputs.c"
   267 ;; Parameters:    Size  Location     Type
   268 ;;		None
   269 ;; Auto vars:     Size  Location     Type
   270 ;;		None
   271 ;; Return value:  Size  Location     Type
   272 ;;                  1    wreg      void 
   273 ;; Registers used:
   274 ;;		wreg, status,2
   275 ;; Tracked objects:
   276 ;;		On entry : 0/0
   277 ;;		On exit  : 0/0
   278 ;;		Unchanged: 0/0
   279 ;; Data sizes:     COMRAM   BANK0   BANK1   BANK2   BANK3   BANK4   BANK5   BANK6   BANK7   BANK8   BANK9  BANK10  BANK1
      +1  BANK12  BANK13  BANK14  BANK15
   280 ;;      Params:         0       0       0       0       0       0       0       0       0       0       0       0       
      +0       0       0       0       0
   281 ;;      Locals:         0       0       0       0       0       0       0       0       0       0       0       0       
      +0       0       0       0       0
   282 ;;      Temps:          0       0       0       0       0       0       0       0       0       0       0       0       
      +0       0       0       0       0
   283 ;;      Totals:         0       0       0       0       0       0       0       0       0       0       0       0       
      +0       0       0       0       0
   284 ;;Total ram usage:        0 bytes
   285 ;; Hardware stack levels used:    1
   286 ;; This function calls:
   287 ;;		Nothing
   288 ;; This function is called by:
   289 ;;		_init
   290 ;; This function uses a non-reentrant model
   291 ;;
   292                           
   293                           	psect	text2
   294  01FF86                     __ptext2:
   295                           	opt stack 0
   296  01FF86                     _initLEDs:
   297                           	opt stack 29
   298                           
   299                           ;DigitalOutputs.c: 34: TRISD = 0x0;
   300                           
   301                           ;incstack = 0
   302  01FF86  0E00               	movlw	0
   303  01FF88  6E95               	movwf	3989,c	;volatile
   304                           
   305                           ;DigitalOutputs.c: 36: LATD = 0x0;
   306  01FF8A  0E00               	movlw	0
   307  01FF8C  6E8C               	movwf	3980,c	;volatile
   308  01FF8E  0012               	return		;funcret
   309  01FF90                     __end_of_initLEDs:
   310                           	opt stack 0
   311  0000                     wreg	equ	0xFE8
   312                           status	equ	0xFD8
   313                           wreg	equ	0xFE8
   314                           status	equ	0xFD8
   315                           
   316                           	psect	rparam
   317  0000                     wreg	equ	0xFE8
   318                           status	equ	0xFD8


Data Sizes:
    Strings     0
    Constant    0
    Data        0
    BSS         3
    Persistent  0
    Stack       0

Auto Spaces:
    Space          Size  Autos    Used
    COMRAM           95      3       6
    BANK0           160      0       0
    BANK1           256      0       0
    BANK2           256      0       0
    BANK3           256      0       0
    BANK4           256      0       0
    BANK5           256      0       0
    BANK6           256      0       0
    BANK7           256      0       0
    BANK8           256      0       0
    BANK9           256      0       0
    BANK10          256      0       0
    BANK11          256      0       0
    BANK12          256      0       0
    BANK13          256      0       0
    BANK14          256      0       0
    BANK15           96      0       0

Pointer List with Targets:

    None.

Critical Paths under _main in COMRAM

    None.

Critical Paths under _main in BANK0

    None.

Critical Paths under _main in BANK1

    None.

Critical Paths under _main in BANK2

    None.

Critical Paths under _main in BANK3

    None.

Critical Paths under _main in BANK4

    None.

Critical Paths under _main in BANK5

    None.

Critical Paths under _main in BANK6

    None.

Critical Paths under _main in BANK7

    None.

Critical Paths under _main in BANK8

    None.

Critical Paths under _main in BANK9

    None.

Critical Paths under _main in BANK10

    None.

Critical Paths under _main in BANK11

    None.

Critical Paths under _main in BANK12

    None.

Critical Paths under _main in BANK13

    None.

Critical Paths under _main in BANK14

    None.

Critical Paths under _main in BANK15

    None.

Call Graph Tables:

 ---------------------------------------------------------------------------------
 (Depth) Function   	        Calls       Base Space   Used Autos Params    Refs
 ---------------------------------------------------------------------------------
 (0) _main                                                 3     3      0      60
                                              0 COMRAM     3     3      0
                               _init
 ---------------------------------------------------------------------------------
 (1) _init                                                 0     0      0       0
                           _initLEDs
 ---------------------------------------------------------------------------------
 (2) _initLEDs                                             0     0      0       0
 ---------------------------------------------------------------------------------
 Estimated maximum stack depth 2
 ---------------------------------------------------------------------------------

 Call Graph Graphs:

 _main (ROOT)
   _init
     _initLEDs

 Address spaces:
Name               Size   Autos  Total    Cost      Usage
BIGRAM             F5F      0       0      37        0.0%
EEDATA             400      0       0       0        0.0%
BITBANK14          100      0       0      33        0.0%
BANK14             100      0       0      34        0.0%
BITBANK13          100      0       0      30        0.0%
BANK13             100      0       0      31        0.0%
BITBANK12          100      0       0      28        0.0%
BANK12             100      0       0      29        0.0%
BITBANK11          100      0       0      26        0.0%
BANK11             100      0       0      27        0.0%
BITBANK10          100      0       0      24        0.0%
BANK10             100      0       0      25        0.0%
BITBANK9           100      0       0      22        0.0%
BANK9              100      0       0      23        0.0%
BITBANK8           100      0       0      20        0.0%
BANK8              100      0       0      21        0.0%
BITBANK7           100      0       0      18        0.0%
BANK7              100      0       0      19        0.0%
BITBANK6           100      0       0      16        0.0%
BANK6              100      0       0      17        0.0%
BITBANK5           100      0       0      14        0.0%
BANK5              100      0       0      15        0.0%
BITBANK4           100      0       0      12        0.0%
BANK4              100      0       0      13        0.0%
BITBANK3           100      0       0      10        0.0%
BANK3              100      0       0      11        0.0%
BITBANK2           100      0       0       8        0.0%
BANK2              100      0       0       9        0.0%
BITBANK1           100      0       0       6        0.0%
BANK1              100      0       0       7        0.0%
BITBANK0            A0      0       0       4        0.0%
BANK0               A0      0       0       5        0.0%
BITBANK15           60      0       0      35        0.0%
BANK15              60      0       0      36        0.0%
BITCOMRAM           5F      0       0       0        0.0%
COMRAM              5F      3       6       1        6.3%
BITSFR               0      0       0     200        0.0%
SFR                  0      0       0     200        0.0%
STACK                0      0       0       2        0.0%
NULL                 0      0       0       0        0.0%
ABS                  0      0       6      32        0.0%
DATA                 0      0       6       3        0.0%
CODE                 0      0       0       0        0.0%


Microchip Technology PIC18 Macro Assembler V1.41 build -162212810 
Symbol Table                                                                                   Thu Apr 19 19:44:50 2018

                     l37 FFCE                       u50 FFCE                       u87 FFBA  
                     u97 FFEA              __CFG_OSC$HS 000000                      l652 FFA0  
                    l672 FFFA                      l664 FFD8                      wreg 000FE8  
           __CFG_WDT$OFF 000000                     _LATD 000F8C                     _main FF9C  
                   _init FF80                     start 0000             ___param_bank 000000  
                  ?_main 0004                    ?_init 0004                    _TRISD 000F95  
         __CFG_FCMEN$OFF 000000                    _nrLED 0003                    main@i 0005  
                  status 000FD8          __initialization FF90             __end_of_main 0000  
           __end_of_init FF86                   ??_main 0004                   ??_init 0004  
          __activetblptr 000000         __end_of_initLEDs FF90               __accesstop 0060  
__end_of__initialization FF96            ___rparam_used 000001           __pcstackCOMRAM 0004  
              ?_initLEDs 0004                  __Hparam 0000                  __Lparam 0000  
                __pcinit FF90                  __ramtop 1000                  __ptext0 FF9C  
                __ptext1 FF80                  __ptext2 FF86     end_of_initialization FF96  
             ??_initLEDs 0004             _leftButtonEv 0002      start_initialization FF90  
            __pbssCOMRAM 0001            _rightButtonEv 0001        __size_of_initLEDs 000A  
               __Hrparam 0000                 __Lrparam 0000                 _initLEDs FF86  
          __size_of_main 0064            __size_of_init 0006  
